app/build/intermediates/manifest_merge_blame_file/debug/manifest-merger-blame-debug-report.txt
1<?xml version="1.0" encoding="utf-8"?>
2<manifest xmlns:android="http://schemas.android.com/apk/res/android"
3    package="com.KKP.gymworkoutplan"
4    android:versionCode="1"
5    android:versionName="1.0" >
6
7    <uses-sdk
8        android:minSdkVersion="26"
8-->src\main\AndroidManifest.xml
9        android:targetSdkVersion="32" />
9-->src\main\AndroidManifest.xml
10
11    <!-- Although the *SdkVersion is captured in gradle build files, this is required for non gradle builds -->
12    <!-- <uses-sdk android:minSdkVersion="14" /> -->
13    <uses-permission android:name="android.permission.ACCESS_NETWORK_STATE" />
13-->[com.google.firebase:firebase-firestore:24.0.1] AndroidManifest.xml:13:5-79
13-->[com.google.firebase:firebase-firestore:24.0.1] AndroidManifest.xml:13:22-76
14    <uses-permission android:name="android.permission.INTERNET" />
14-->[com.google.firebase:firebase-firestore:24.0.1] AndroidManifest.xml:14:5-67
14-->[com.google.firebase:firebase-firestore:24.0.1] AndroidManifest.xml:14:22-64
15
16    <application
16-->src\main\AndroidManifest.xml:5:5-21:19
17        android:allowBackup="true"
17-->src\main\AndroidManifest.xml:6:9-35
18        android:appComponentFactory="androidx.core.app.CoreComponentFactory"
18-->[androidx.core:core:1.7.0] AndroidManifest.xml:24:18-86
19        android:debuggable="true"
20        android:extractNativeLibs="false"
21        android:icon="@mipmap/ic_launcher"
21-->src\main\AndroidManifest.xml:7:9-43
22        android:label="@string/app_name"
22-->src\main\AndroidManifest.xml:8:9-41
23        android:roundIcon="@mipmap/ic_launcher_round"
23-->src\main\AndroidManifest.xml:9:9-54
24        android:supportsRtl="true"
24-->src\main\AndroidManifest.xml:10:9-35
25        android:testOnly="true"
26        android:theme="@style/Theme.GymWorkoutPlan" >
26-->src\main\AndroidManifest.xml:11:9-52
27        <activity
27-->src\main\AndroidManifest.xml:12:9-20:20
28            android:name="com.kkp.gymworkoutplan.MainActivity"
28-->src\main\AndroidManifest.xml:13:13-63
29            android:exported="true" >
29-->src\main\AndroidManifest.xml:14:13-36
30            <intent-filter>
30-->src\main\AndroidManifest.xml:15:13-19:29
31                <action android:name="android.intent.action.MAIN" />
31-->src\main\AndroidManifest.xml:16:17-69
31-->src\main\AndroidManifest.xml:16:25-66
32
33                <category android:name="android.intent.category.LAUNCHER" />
33-->src\main\AndroidManifest.xml:18:17-77
33-->src\main\AndroidManifest.xml:18:27-74
34            </intent-filter>
35        </activity>
36
37        <service
37-->[com.google.firebase:firebase-firestore-ktx:24.0.1] AndroidManifest.xml:12:9-18:19
38            android:name="com.google.firebase.components.ComponentDiscoveryService"
38-->[com.google.firebase:firebase-firestore-ktx:24.0.1] AndroidManifest.xml:13:13-84
39            android:directBootAware="true"
39-->[com.google.firebase:firebase-common:20.0.0] AndroidManifest.xml:35:13-43
40            android:exported="false" >
40-->[com.google.firebase:firebase-firestore-ktx:24.0.1] AndroidManifest.xml:14:13-37
41            <meta-data
41-->[com.google.firebase:firebase-firestore-ktx:24.0.1] AndroidManifest.xml:15:13-17:85
42                android:name="com.google.firebase.components:com.google.firebase.firestore.ktx.FirebaseFirestoreKtxRegistrar"
42-->[com.google.firebase:firebase-firestore-ktx:24.0.1] AndroidManifest.xml:16:17-126
43                android:value="com.google.firebase.components.ComponentRegistrar" />
43-->[com.google.firebase:firebase-firestore-ktx:24.0.1] AndroidManifest.xml:17:17-82
44            <meta-data
44-->[com.google.firebase:firebase-common-ktx:20.0.0] AndroidManifest.xml:15:13-17:85
45                android:name="com.google.firebase.components:com.google.firebase.ktx.FirebaseCommonKtxRegistrar"
45-->[com.google.firebase:firebase-common-ktx:20.0.0] AndroidManifest.xml:16:17-113
46                android:value="com.google.firebase.components.ComponentRegistrar" />
46-->[com.google.firebase:firebase-common-ktx:20.0.0] AndroidManifest.xml:17:17-82
47            <meta-data
47-->[com.google.firebase:firebase-firestore:24.0.1] AndroidManifest.xml:20:13-22:85
48                android:name="com.google.firebase.components:com.google.firebase.firestore.FirestoreRegistrar"
48-->[com.google.firebase:firebase-firestore:24.0.1] AndroidManifest.xml:21:17-111
49                android:value="com.google.firebase.components.ComponentRegistrar" />
49-->[com.google.firebase:firebase-firestore:24.0.1] AndroidManifest.xml:22:17-82
50        </service>
51
52        <provider
52-->[com.google.firebase:firebase-common:20.0.0] AndroidManifest.xml:26:9-31:39
53            android:name="com.google.firebase.provider.FirebaseInitProvider"
53-->[com.google.firebase:firebase-common:20.0.0] AndroidManifest.xml:27:13-77
54            android:authorities="com.KKP.gymworkoutplan.firebaseinitprovider"
54-->[com.google.firebase:firebase-common:20.0.0] AndroidManifest.xml:28:13-72
55            android:directBootAware="true"
55-->[com.google.firebase:firebase-common:20.0.0] AndroidManifest.xml:29:13-43
56            android:exported="false"
56-->[com.google.firebase:firebase-common:20.0.0] AndroidManifest.xml:30:13-37
57            android:initOrder="100" />
57-->[com.google.firebase:firebase-common:20.0.0] AndroidManifest.xml:31:13-36
58
59        <activity
59-->[com.google.android.gms:play-services-base:17.1.0] AndroidManifest.xml:23:9-26:75
60            android:name="com.google.android.gms.common.api.GoogleApiActivity"
60-->[com.google.android.gms:play-services-base:17.1.0] AndroidManifest.xml:24:13-79
61            android:exported="false"
61-->[com.google.android.gms:play-services-base:17.1.0] AndroidManifest.xml:25:13-37
62            android:theme="@android:style/Theme.Translucent.NoTitleBar" />
62-->[com.google.android.gms:play-services-base:17.1.0] AndroidManifest.xml:26:13-72
63
64        <meta-data
64-->[com.google.android.gms:play-services-basement:17.0.0] AndroidManifest.xml:23:9-25:69
65            android:name="com.google.android.gms.version"
65-->[com.google.android.gms:play-services-basement:17.0.0] AndroidManifest.xml:24:13-58
66            android:value="@integer/google_play_services_version" />
66-->[com.google.android.gms:play-services-basement:17.0.0] AndroidManifest.xml:25:13-66
67
68        <provider
68-->[androidx.emoji2:emoji2:1.0.0] AndroidManifest.xml:26:9-34:20
69            android:name="androidx.startup.InitializationProvider"
69-->[androidx.emoji2:emoji2:1.0.0] AndroidManifest.xml:27:13-67
70            android:authorities="com.KKP.gymworkoutplan.androidx-startup"
70-->[androidx.emoji2:emoji2:1.0.0] AndroidManifest.xml:28:13-68
71            android:exported="false" >
71-->[androidx.emoji2:emoji2:1.0.0] AndroidManifest.xml:29:13-37
72            <meta-data
72-->[androidx.emoji2:emoji2:1.0.0] AndroidManifest.xml:31:13-33:52
73                android:name="androidx.emoji2.text.EmojiCompatInitializer"
73-->[androidx.emoji2:emoji2:1.0.0] AndroidManifest.xml:32:17-75
74                android:value="androidx.startup" />
74-->[androidx.emoji2:emoji2:1.0.0] AndroidManifest.xml:33:17-49
75            <meta-data
75-->[androidx.lifecycle:lifecycle-process:2.4.0] AndroidManifest.xml:31:13-33:52
76                android:name="androidx.lifecycle.ProcessLifecycleInitializer"
76-->[androidx.lifecycle:lifecycle-process:2.4.0] AndroidManifest.xml:32:17-78
77                android:value="androidx.startup" />
77-->[androidx.lifecycle:lifecycle-process:2.4.0] AndroidManifest.xml:33:17-49
78            <meta-data
78-->[androidx.profileinstaller:profileinstaller:1.0.0-rc01] AndroidManifest.xml:31:13-33:52
79                android:name="androidx.profileinstaller.ProfileInstallerInitializer"
79-->[androidx.profileinstaller:profileinstaller:1.0.0-rc01] AndroidManifest.xml:32:17-85
80                android:value="androidx.startup" />
80-->[androidx.profileinstaller:profileinstaller:1.0.0-rc01] AndroidManifest.xml:33:17-49
81        </provider>
82
83        <receiver
83-->[androidx.profileinstaller:profileinstaller:1.0.0-rc01] AndroidManifest.xml:36:9-45:20
84            android:name="androidx.profileinstaller.ProfileInstallReceiver"
84-->[androidx.profileinstaller:profileinstaller:1.0.0-rc01] AndroidManifest.xml:37:13-76
85            android:directBootAware="false"
85-->[androidx.profileinstaller:profileinstaller:1.0.0-rc01] AndroidManifest.xml:38:13-44
86            android:enabled="true"
86-->[androidx.profileinstaller:profileinstaller:1.0.0-rc01] AndroidManifest.xml:39:13-35
87            android:exported="true"
87-->[androidx.profileinstaller:profileinstaller:1.0.0-rc01] AndroidManifest.xml:40:13-36
88            android:permission="android.permission.DUMP" >
88-->[androidx.profileinstaller:profileinstaller:1.0.0-rc01] AndroidManifest.xml:41:13-57
89            <intent-filter>
89-->[androidx.profileinstaller:profileinstaller:1.0.0-rc01] AndroidManifest.xml:42:13-44:29
90                <action android:name="androidx.profileinstaller.action.INSTALL_PROFILE" />
90-->[androidx.profileinstaller:profileinstaller:1.0.0-rc01] AndroidManifest.xml:43:17-91
90-->[androidx.profileinstaller:profileinstaller:1.0.0-rc01] AndroidManifest.xml:43:25-88
91            </intent-filter>
92        </receiver>
93    </application>
94
95</manifest>